[2025-06-22 14:55:52,904] 1025 httpx - INFO - HTTP Request: GET https://dagshub.com/api/v1/user "HTTP/1.1 200 OK"
[2025-06-22 14:55:52,906] 107 dagshub - INFO - Accessing as tranminhanh1512
[2025-06-22 14:55:53,075] 1025 httpx - INFO - HTTP Request: GET https://dagshub.com/api/v1/repos/tranminhanh1512/NetworkSecurity "HTTP/1.1 200 OK"
[2025-06-22 14:55:53,241] 1025 httpx - INFO - HTTP Request: GET https://dagshub.com/api/v1/user "HTTP/1.1 200 OK"
[2025-06-22 14:55:53,243] 107 dagshub - INFO - Initialized MLflow to track repo "tranminhanh1512/NetworkSecurity"
[2025-06-22 14:55:53,243] 107 dagshub - INFO - Repository tranminhanh1512/NetworkSecurity initialized!
[2025-06-22 14:56:34,554] 39 root - INFO - Start Data Ingestion
[2025-06-22 14:56:35,945] 119 root - INFO - Perfomed train test split on the dataframe
[2025-06-22 14:56:35,945] 120 root - INFO - Exited the split_data_as_train_test method of DataIngestion class
[2025-06-22 14:56:35,945] 127 root - INFO - Exporting the train and test data to the respective file paths
[2025-06-22 14:56:35,970] 133 root - INFO - Exported the train and test data to the respective file paths
[2025-06-22 14:56:35,970] 42 root - INFO - Data Ingestion completed and artifact: DataIngestionArtifact(train_file_path='Artifacts/06_22_2025_14_55_51/data_ingestion/ingested/train.csv', test_file_path='Artifacts/06_22_2025_14_55_51/data_ingestion/ingested/test.csv')
[2025-06-22 14:56:35,972] 51 root - INFO - Initiate the data validation process
[2025-06-22 14:56:35,980] 43 root - INFO - Required number of columns: 2
[2025-06-22 14:56:35,980] 44 root - INFO - Actual number of columns: 31
[2025-06-22 14:56:35,980] 43 root - INFO - Required number of columns: 2
[2025-06-22 14:56:35,980] 44 root - INFO - Actual number of columns: 31
[2025-06-22 14:56:36,043] 53 root - INFO - Data validation completed successfully
[2025-06-22 14:56:36,043] 60 root - INFO - Initiate the data transformation process
[2025-06-22 14:56:36,043] 60 root - INFO - Entered the initiate_data_transformation method of DataTransformation class
[2025-06-22 14:56:36,050] 50 root - INFO - Entered the get_data_transformer_object method of DataTransformation class
[2025-06-22 14:56:36,050] 53 root - INFO - Initialize KNNImputer with parameters: {'missing_values': nan, 'n_neighbors': 3, 'weights': 'uniform'}
[2025-06-22 14:56:36,053] 67 root - INFO - Entered the save_object method of MainUtils class
[2025-06-22 14:56:36,054] 71 root - INFO - Exited the save_object method of MainUtils class
[2025-06-22 14:56:36,054] 67 root - INFO - Entered the save_object method of MainUtils class
[2025-06-22 14:56:36,055] 71 root - INFO - Exited the save_object method of MainUtils class
[2025-06-22 14:56:36,055] 64 root - INFO - Data transformation completed successfully
[2025-06-22 14:59:09,568] 67 root - INFO - Entered the save_object method of MainUtils class
[2025-06-22 14:59:09,577] 71 root - INFO - Exited the save_object method of MainUtils class
[2025-06-22 14:59:09,577] 67 root - INFO - Entered the save_object method of MainUtils class
[2025-06-22 14:59:09,583] 71 root - INFO - Exited the save_object method of MainUtils class
[2025-06-22 14:59:09,583] 135 root - INFO - Model trainer artifact: <class 'network_security.entity.artifact_entity.ModelTrainerArtifact'>
[2025-06-22 14:59:09,585] 87 root - INFO - successfully load artifact
[2025-06-22 14:59:17,250] 95 root - INFO - successfully load model
