[2025-06-21 15:47:40,838] 1025 httpx - INFO - HTTP Request: POST https://dagshub.com/login/oauth/middleman "HTTP/1.1 200 OK"
[2025-06-21 15:47:40,969] 1025 httpx - INFO - HTTP Request: POST https://dagshub.com/login/oauth/access_token "HTTP/1.1 200 OK"
[2025-06-21 15:47:41,087] 1025 httpx - INFO - HTTP Request: GET https://dagshub.com/api/v1/user "HTTP/1.1 200 OK"
[2025-06-21 15:47:41,093] 107 dagshub - INFO - Accessing as tranminhanh1512
[2025-06-21 15:47:41,254] 1025 httpx - INFO - HTTP Request: GET https://dagshub.com/api/v1/repos/tranminhanh1512/NetworkSecurity "HTTP/1.1 200 OK"
[2025-06-21 15:47:41,366] 1025 httpx - INFO - HTTP Request: GET https://dagshub.com/api/v1/user "HTTP/1.1 200 OK"
[2025-06-21 15:47:41,368] 107 dagshub - INFO - Initialized MLflow to track repo "tranminhanh1512/NetworkSecurity"
[2025-06-21 15:47:41,368] 107 dagshub - INFO - Repository tranminhanh1512/NetworkSecurity initialized!
[2025-06-21 15:47:41,369] 21 root - INFO - Initiate the data ingestion process
[2025-06-21 15:47:42,766] 119 root - INFO - Perfomed train test split on the dataframe
[2025-06-21 15:47:42,766] 120 root - INFO - Exited the split_data_as_train_test method of DataIngestion class
[2025-06-21 15:47:42,766] 127 root - INFO - Exporting the train and test data to the respective file paths
[2025-06-21 15:47:42,789] 133 root - INFO - Exported the train and test data to the respective file paths
[2025-06-21 15:47:42,789] 23 root - INFO - Data ingestion completed successfully
[2025-06-21 15:47:42,791] 28 root - INFO - Initiate the data validation process
[2025-06-21 15:47:42,799] 43 root - INFO - Required number of columns: 2
[2025-06-21 15:47:42,799] 44 root - INFO - Actual number of columns: 31
[2025-06-21 15:47:42,799] 43 root - INFO - Required number of columns: 2
[2025-06-21 15:47:42,799] 44 root - INFO - Actual number of columns: 31
[2025-06-21 15:47:42,863] 30 root - INFO - Data validation completed successfully
[2025-06-21 15:47:42,863] 32 root - INFO - Initiate the data transformation process
[2025-06-21 15:47:42,863] 60 root - INFO - Entered the initiate_data_transformation method of DataTransformation class
[2025-06-21 15:47:42,870] 50 root - INFO - Entered the get_data_transformer_object method of DataTransformation class
[2025-06-21 15:47:42,870] 53 root - INFO - Initialize KNNImputer with parameters: {'missing_values': nan, 'n_neighbors': 3, 'weights': 'uniform'}
[2025-06-21 15:47:42,874] 67 root - INFO - Entered the save_object method of MainUtils class
[2025-06-21 15:47:42,875] 71 root - INFO - Exited the save_object method of MainUtils class
[2025-06-21 15:47:42,875] 67 root - INFO - Entered the save_object method of MainUtils class
[2025-06-21 15:47:42,875] 71 root - INFO - Exited the save_object method of MainUtils class
[2025-06-21 15:47:42,875] 37 root - INFO - Data transformation completed successfully
[2025-06-21 15:47:42,875] 40 root - INFO - Initiate the model trainer process
